<?xml version="1.0" encoding="UTF-8"?>
<testng-results ignored="0" total="2" passed="2" failed="0" skipped="0">
  <reporter-output>
  </reporter-output>
  <suite started-at="2024-08-23T11:27:23 IST" name="Default suite" finished-at="2024-08-23T11:27:38 IST" duration-ms="15748">
    <groups>
    </groups>
    <test started-at="2024-08-23T11:27:23 IST" name="Default test" finished-at="2024-08-23T11:27:38 IST" duration-ms="15748">
      <class name="practice.test.InvoiceTest">
        <test-method is-config="true" signature="configBs()[pri:0, instance:practice.test.InvoiceTest@77847718]" started-at="2024-08-23T11:27:22 IST" name="configBs" finished-at="2024-08-23T11:27:23 IST" duration-ms="453" status="PASS">
          <reporter-output>
          </reporter-output>
        </test-method> <!-- configBs -->
        <test-method is-config="true" signature="configBC()[pri:0, instance:practice.test.InvoiceTest@77847718]" started-at="2024-08-23T11:27:23 IST" name="configBC" finished-at="2024-08-23T11:27:24 IST" duration-ms="1974" status="PASS">
          <reporter-output>
          </reporter-output>
        </test-method> <!-- configBC -->
        <test-method is-config="true" signature="configBM()[pri:0, instance:practice.test.InvoiceTest@77847718]" started-at="2024-08-23T11:27:25 IST" name="configBM" finished-at="2024-08-23T11:27:28 IST" duration-ms="3675" status="PASS">
          <reporter-output>
          </reporter-output>
        </test-method> <!-- configBM -->
        <test-method signature="createInvoiceTest()[pri:0, instance:practice.test.InvoiceTest@77847718]" started-at="2024-08-23T11:27:28 IST" name="createInvoiceTest" finished-at="2024-08-23T11:27:28 IST" duration-ms="34" status="PASS">
          <reporter-output>
          </reporter-output>
        </test-method> <!-- createInvoiceTest -->
        <test-method is-config="true" signature="configAM()[pri:0, instance:practice.test.InvoiceTest@77847718]" started-at="2024-08-23T11:27:28 IST" name="configAM" finished-at="2024-08-23T11:27:32 IST" duration-ms="3573" status="PASS">
          <reporter-output>
          </reporter-output>
        </test-method> <!-- configAM -->
        <test-method is-config="true" signature="configBM()[pri:0, instance:practice.test.InvoiceTest@77847718]" started-at="2024-08-23T11:27:32 IST" name="configBM" finished-at="2024-08-23T11:27:34 IST" duration-ms="2611" status="PASS">
          <reporter-output>
          </reporter-output>
        </test-method> <!-- configBM -->
        <test-method signature="createInvoicewithContactTest()[pri:0, instance:practice.test.InvoiceTest@77847718]" started-at="2024-08-23T11:27:34 IST" name="createInvoicewithContactTest" finished-at="2024-08-23T11:27:34 IST" duration-ms="3" status="PASS">
          <reporter-output>
          </reporter-output>
        </test-method> <!-- createInvoicewithContactTest -->
        <test-method is-config="true" signature="configAM()[pri:0, instance:practice.test.InvoiceTest@77847718]" started-at="2024-08-23T11:27:34 IST" name="configAM" finished-at="2024-08-23T11:27:38 IST" duration-ms="3667" status="PASS">
          <reporter-output>
          </reporter-output>
        </test-method> <!-- configAM -->
        <test-method is-config="true" signature="configAC()[pri:0, instance:practice.test.InvoiceTest@77847718]" started-at="2024-08-23T11:27:38 IST" name="configAC" finished-at="2024-08-23T11:27:38 IST" duration-ms="170" status="PASS">
          <reporter-output>
          </reporter-output>
        </test-method> <!-- configAC -->
        <test-method is-config="true" signature="configAS()[pri:0, instance:practice.test.InvoiceTest@77847718]" started-at="2024-08-23T11:27:38 IST" name="configAS" finished-at="2024-08-23T11:27:38 IST" duration-ms="8" status="PASS">
          <reporter-output>
          </reporter-output>
        </test-method> <!-- configAS -->
      </class> <!-- practice.test.InvoiceTest -->
    </test> <!-- Default test -->
  </suite> <!-- Default suite -->
</testng-results>
